CRITICAL - 2023-10-17 03:56:38 --> Invalid file: "faqs.php"
in SYSTEMPATH\Exceptions\FrameworkException.php on line 39.
 1 SYSTEMPATH\View\View.php(214): CodeIgniter\Exceptions\FrameworkException::forInvalidFile('faqs.php')
 2 SYSTEMPATH\Common.php(1188): CodeIgniter\View\View->render('faqs', [], true)
 3 APPPATH\Controllers\Page.php(17): view('faqs')
 4 SYSTEMPATH\CodeIgniter.php(919): App\Controllers\Page->faqs()
 5 SYSTEMPATH\CodeIgniter.php(494): CodeIgniter\CodeIgniter->runController(Object(App\Controllers\Page))
 6 SYSTEMPATH\CodeIgniter.php(353): CodeIgniter\CodeIgniter->handleRequest(null, Object(Config\Cache), false)
 7 FCPATH\index.php(79): CodeIgniter\CodeIgniter->run()
CRITICAL - 2023-10-17 04:07:24 --> Invalid file: "layout/sidebar.php"
in SYSTEMPATH\Exceptions\FrameworkException.php on line 39.
 1 SYSTEMPATH\View\View.php(214): CodeIgniter\Exceptions\FrameworkException::forInvalidFile('layout/sidebar.php')
 2 SYSTEMPATH\View\View.php(467): CodeIgniter\View\View->render('layout/sidebar', null, true)
 3 APPPATH\Views\layout\post_layout.php(24): CodeIgniter\View\View->include('layout/sidebar')
 4 SYSTEMPATH\View\View.php(226): include('C:\\laragon\\www\\goro.goro\\app\\Views\\layout\\post_layout.php')
 5 SYSTEMPATH\View\View.php(229): CodeIgniter\View\View->CodeIgniter\View\{closure}()
 6 SYSTEMPATH\View\View.php(242): CodeIgniter\View\View->render('layout/post_layout', [], true)
 7 SYSTEMPATH\Common.php(1188): CodeIgniter\View\View->render('news', [], true)
 8 APPPATH\Controllers\News.php(7): view('news')
 9 SYSTEMPATH\CodeIgniter.php(919): App\Controllers\News->index()
10 SYSTEMPATH\CodeIgniter.php(494): CodeIgniter\CodeIgniter->runController(Object(App\Controllers\News))
11 SYSTEMPATH\CodeIgniter.php(353): CodeIgniter\CodeIgniter->handleRequest(null, Object(Config\Cache), false)
12 FCPATH\index.php(79): CodeIgniter\CodeIgniter->run()
CRITICAL - 2023-10-17 04:10:22 --> Invalid file: "layout/sidebar.php"
in SYSTEMPATH\Exceptions\FrameworkException.php on line 39.
 1 SYSTEMPATH\View\View.php(214): CodeIgniter\Exceptions\FrameworkException::forInvalidFile('layout/sidebar.php')
 2 SYSTEMPATH\View\View.php(467): CodeIgniter\View\View->render('layout/sidebar', null, true)
 3 APPPATH\Views\layout\post_layout.php(24): CodeIgniter\View\View->include('layout/sidebar')
 4 SYSTEMPATH\View\View.php(226): include('C:\\laragon\\www\\goro.goro\\app\\Views\\layout\\post_layout.php')
 5 SYSTEMPATH\View\View.php(229): CodeIgniter\View\View->CodeIgniter\View\{closure}()
 6 SYSTEMPATH\View\View.php(242): CodeIgniter\View\View->render('layout/post_layout', [], true)
 7 SYSTEMPATH\Common.php(1188): CodeIgniter\View\View->render('news', [], true)
 8 APPPATH\Controllers\News.php(7): view('news')
 9 SYSTEMPATH\CodeIgniter.php(919): App\Controllers\News->index()
10 SYSTEMPATH\CodeIgniter.php(494): CodeIgniter\CodeIgniter->runController(Object(App\Controllers\News))
11 SYSTEMPATH\CodeIgniter.php(353): CodeIgniter\CodeIgniter->handleRequest(null, Object(Config\Cache), false)
12 FCPATH\index.php(79): CodeIgniter\CodeIgniter->run()
CRITICAL - 2023-10-17 04:14:41 --> App\Libraries\Widget::recentPost has no params.
in SYSTEMPATH\View\Cell.php on line 276.
 1 SYSTEMPATH\View\Cell.php(276): CodeIgniter\View\Exceptions\ViewException::forMissingCellParameters('App\\Libraries\\Widget', 'recentPost')
 2 SYSTEMPATH\View\Cell.php(103): CodeIgniter\View\Cell->renderSimpleClass(Object(App\Libraries\Widget), 'recentPost', [...], 'App\\Libraries\\Widget')
 3 SYSTEMPATH\Common.php(1204): CodeIgniter\View\Cell->render('\\App\\Libraries\\Widget::recentPost', [...], 0, 'AppLibrariesWidgetrecentPoste54707b50f259ea4ded0179ab2bb57c1')
 4 APPPATH\Views\layout\sidebar.php(1): view_cell('\\App\\Libraries\\Widget::recentPost', [...])
 5 SYSTEMPATH\View\View.php(226): include('C:\\laragon\\www\\goro.goro\\app\\Views\\layout\\sidebar.php')
 6 SYSTEMPATH\View\View.php(229): CodeIgniter\View\View->CodeIgniter\View\{closure}()
 7 SYSTEMPATH\View\View.php(467): CodeIgniter\View\View->render('layout/sidebar', null, true)
 8 APPPATH\Views\layout\post_layout.php(24): CodeIgniter\View\View->include('layout/sidebar')
 9 SYSTEMPATH\View\View.php(226): include('C:\\laragon\\www\\goro.goro\\app\\Views\\layout\\post_layout.php')
10 SYSTEMPATH\View\View.php(229): CodeIgniter\View\View->CodeIgniter\View\{closure}()
11 SYSTEMPATH\View\View.php(242): CodeIgniter\View\View->render('layout/post_layout', [], true)
12 SYSTEMPATH\Common.php(1188): CodeIgniter\View\View->render('news', [], true)
13 APPPATH\Controllers\News.php(7): view('news')
14 SYSTEMPATH\CodeIgniter.php(919): App\Controllers\News->index()
15 SYSTEMPATH\CodeIgniter.php(494): CodeIgniter\CodeIgniter->runController(Object(App\Controllers\News))
16 SYSTEMPATH\CodeIgniter.php(353): CodeIgniter\CodeIgniter->handleRequest(null, Object(Config\Cache), false)
17 FCPATH\index.php(79): CodeIgniter\CodeIgniter->run()
CRITICAL - 2023-10-17 04:14:47 --> App\Libraries\Widget::recentPost has no params.
in SYSTEMPATH\View\Cell.php on line 276.
 1 SYSTEMPATH\View\Cell.php(276): CodeIgniter\View\Exceptions\ViewException::forMissingCellParameters('App\\Libraries\\Widget', 'recentPost')
 2 SYSTEMPATH\View\Cell.php(103): CodeIgniter\View\Cell->renderSimpleClass(Object(App\Libraries\Widget), 'recentPost', [...], 'App\\Libraries\\Widget')
 3 SYSTEMPATH\Common.php(1204): CodeIgniter\View\Cell->render('\\App\\Libraries\\Widget::recentPost', [...], 0, 'AppLibrariesWidgetrecentPoste54707b50f259ea4ded0179ab2bb57c1')
 4 APPPATH\Views\layout\sidebar.php(1): view_cell('\\App\\Libraries\\Widget::recentPost', [...])
 5 SYSTEMPATH\View\View.php(226): include('C:\\laragon\\www\\goro.goro\\app\\Views\\layout\\sidebar.php')
 6 SYSTEMPATH\View\View.php(229): CodeIgniter\View\View->CodeIgniter\View\{closure}()
 7 SYSTEMPATH\View\View.php(467): CodeIgniter\View\View->render('layout/sidebar', null, true)
 8 APPPATH\Views\layout\post_layout.php(24): CodeIgniter\View\View->include('layout/sidebar')
 9 SYSTEMPATH\View\View.php(226): include('C:\\laragon\\www\\goro.goro\\app\\Views\\layout\\post_layout.php')
10 SYSTEMPATH\View\View.php(229): CodeIgniter\View\View->CodeIgniter\View\{closure}()
11 SYSTEMPATH\View\View.php(242): CodeIgniter\View\View->render('layout/post_layout', [], true)
12 SYSTEMPATH\Common.php(1188): CodeIgniter\View\View->render('news', [], true)
13 APPPATH\Controllers\News.php(7): view('news')
14 SYSTEMPATH\CodeIgniter.php(919): App\Controllers\News->index()
15 SYSTEMPATH\CodeIgniter.php(494): CodeIgniter\CodeIgniter->runController(Object(App\Controllers\News))
16 SYSTEMPATH\CodeIgniter.php(353): CodeIgniter\CodeIgniter->handleRequest(null, Object(Config\Cache), false)
17 FCPATH\index.php(79): CodeIgniter\CodeIgniter->run()
CRITICAL - 2023-10-17 04:15:05 --> App\Libraries\Widget::recentPost has no params.
in SYSTEMPATH\View\Cell.php on line 276.
 1 SYSTEMPATH\View\Cell.php(276): CodeIgniter\View\Exceptions\ViewException::forMissingCellParameters('App\\Libraries\\Widget', 'recentPost')
 2 SYSTEMPATH\View\Cell.php(103): CodeIgniter\View\Cell->renderSimpleClass(Object(App\Libraries\Widget), 'recentPost', [...], 'App\\Libraries\\Widget')
 3 SYSTEMPATH\Common.php(1204): CodeIgniter\View\Cell->render('\\App\\Libraries\\Widget::recentPost', [...], 0, 'AppLibrariesWidgetrecentPoste54707b50f259ea4ded0179ab2bb57c1')
 4 APPPATH\Views\layout\sidebar.php(1): view_cell('\\App\\Libraries\\Widget::recentPost', [...])
 5 SYSTEMPATH\View\View.php(226): include('C:\\laragon\\www\\goro.goro\\app\\Views\\layout\\sidebar.php')
 6 SYSTEMPATH\View\View.php(229): CodeIgniter\View\View->CodeIgniter\View\{closure}()
 7 SYSTEMPATH\View\View.php(467): CodeIgniter\View\View->render('layout/sidebar', null, true)
 8 APPPATH\Views\layout\post_layout.php(24): CodeIgniter\View\View->include('layout/sidebar')
 9 SYSTEMPATH\View\View.php(226): include('C:\\laragon\\www\\goro.goro\\app\\Views\\layout\\post_layout.php')
10 SYSTEMPATH\View\View.php(229): CodeIgniter\View\View->CodeIgniter\View\{closure}()
11 SYSTEMPATH\View\View.php(242): CodeIgniter\View\View->render('layout/post_layout', [], true)
12 SYSTEMPATH\Common.php(1188): CodeIgniter\View\View->render('news', [], true)
13 APPPATH\Controllers\News.php(7): view('news')
14 SYSTEMPATH\CodeIgniter.php(919): App\Controllers\News->index()
15 SYSTEMPATH\CodeIgniter.php(494): CodeIgniter\CodeIgniter->runController(Object(App\Controllers\News))
16 SYSTEMPATH\CodeIgniter.php(353): CodeIgniter\CodeIgniter->handleRequest(null, Object(Config\Cache), false)
17 FCPATH\index.php(79): CodeIgniter\CodeIgniter->run()
CRITICAL - 2023-10-17 04:20:45 --> App\Libraries\Widget::recentPost has no params.
in SYSTEMPATH\View\Cell.php on line 276.
 1 SYSTEMPATH\View\Cell.php(276): CodeIgniter\View\Exceptions\ViewException::forMissingCellParameters('App\\Libraries\\Widget', 'recentPost')
 2 SYSTEMPATH\View\Cell.php(103): CodeIgniter\View\Cell->renderSimpleClass(Object(App\Libraries\Widget), 'recentPost', [...], 'App\\Libraries\\Widget')
 3 SYSTEMPATH\Common.php(1204): CodeIgniter\View\Cell->render('\\App\\Libraries\\Widget::recentPost', [...], 0, 'AppLibrariesWidgetrecentPoste54707b50f259ea4ded0179ab2bb57c1')
 4 APPPATH\Views\layout\sidebar.php(1): view_cell('\\App\\Libraries\\Widget::recentPost', [...])
 5 SYSTEMPATH\View\View.php(226): include('C:\\laragon\\www\\goro.goro\\app\\Views\\layout\\sidebar.php')
 6 SYSTEMPATH\View\View.php(229): CodeIgniter\View\View->CodeIgniter\View\{closure}()
 7 SYSTEMPATH\View\View.php(467): CodeIgniter\View\View->render('layout/sidebar', null, true)
 8 APPPATH\Views\layout\post_layout.php(24): CodeIgniter\View\View->include('layout/sidebar')
 9 SYSTEMPATH\View\View.php(226): include('C:\\laragon\\www\\goro.goro\\app\\Views\\layout\\post_layout.php')
10 SYSTEMPATH\View\View.php(229): CodeIgniter\View\View->CodeIgniter\View\{closure}()
11 SYSTEMPATH\View\View.php(242): CodeIgniter\View\View->render('layout/post_layout', [], true)
12 SYSTEMPATH\Common.php(1188): CodeIgniter\View\View->render('news', [], true)
13 APPPATH\Controllers\News.php(7): view('news')
14 SYSTEMPATH\CodeIgniter.php(919): App\Controllers\News->index()
15 SYSTEMPATH\CodeIgniter.php(494): CodeIgniter\CodeIgniter->runController(Object(App\Controllers\News))
16 SYSTEMPATH\CodeIgniter.php(353): CodeIgniter\CodeIgniter->handleRequest(null, Object(Config\Cache), false)
17 FCPATH\index.php(79): CodeIgniter\CodeIgniter->run()
ERROR - 2023-10-17 04:35:05 --> mysqli_sql_exception: Invalid default value for 'created_at' in C:\laragon\www\goro.goro\system\Database\MySQLi\Connection.php:306
Stack trace:
#0 C:\laragon\www\goro.goro\system\Database\MySQLi\Connection.php(306): mysqli->query('CREATE TABLE `n...', 0)
#1 C:\laragon\www\goro.goro\system\Database\BaseConnection.php(692): CodeIgniter\Database\MySQLi\Connection->execute('CREATE TABLE `n...')
#2 C:\laragon\www\goro.goro\system\Database\BaseConnection.php(606): CodeIgniter\Database\BaseConnection->simpleQuery('CREATE TABLE `n...')
#3 C:\laragon\www\goro.goro\system\Database\Forge.php(546): CodeIgniter\Database\BaseConnection->query('CREATE TABLE `n...')
#4 C:\laragon\www\goro.goro\app\Database\Migrations\2023-10-17-042455_News.php(47): CodeIgniter\Database\Forge->createTable('news', true)
#5 C:\laragon\www\goro.goro\system\Database\MigrationRunner.php(877): App\Database\Migrations\News->up()
#6 C:\laragon\www\goro.goro\system\Database\MigrationRunner.php(188): CodeIgniter\Database\MigrationRunner->migrate('up', Object(stdClass))
#7 C:\laragon\www\goro.goro\system\Commands\Database\Migrate.php(84): CodeIgniter\Database\MigrationRunner->latest(NULL)
#8 C:\laragon\www\goro.goro\system\CLI\Commands.php(65): CodeIgniter\Commands\Database\Migrate->run(Array)
#9 C:\laragon\www\goro.goro\system\CLI\BaseCommand.php(115): CodeIgniter\CLI\Commands->run('migrate', Array)
#10 C:\laragon\www\goro.goro\system\Commands\Database\MigrateRefresh.php(85): CodeIgniter\CLI\BaseCommand->call('migrate', Array)
#11 C:\laragon\www\goro.goro\system\CLI\Commands.php(65): CodeIgniter\Commands\Database\MigrateRefresh->run(Array)
#12 C:\laragon\www\goro.goro\system\CLI\Console.php(37): CodeIgniter\CLI\Commands->run('migrate:refresh', Array)
#13 C:\laragon\www\goro.goro\spark(102): CodeIgniter\CLI\Console->run()
#14 {main}
ERROR - 2023-10-17 04:35:44 --> mysqli_sql_exception: Invalid default value for 'created_at' in C:\laragon\www\goro.goro\system\Database\MySQLi\Connection.php:306
Stack trace:
#0 C:\laragon\www\goro.goro\system\Database\MySQLi\Connection.php(306): mysqli->query('CREATE TABLE `n...', 0)
#1 C:\laragon\www\goro.goro\system\Database\BaseConnection.php(692): CodeIgniter\Database\MySQLi\Connection->execute('CREATE TABLE `n...')
#2 C:\laragon\www\goro.goro\system\Database\BaseConnection.php(606): CodeIgniter\Database\BaseConnection->simpleQuery('CREATE TABLE `n...')
#3 C:\laragon\www\goro.goro\system\Database\Forge.php(546): CodeIgniter\Database\BaseConnection->query('CREATE TABLE `n...')
#4 C:\laragon\www\goro.goro\app\Database\Migrations\2023-10-17-042455_News.php(47): CodeIgniter\Database\Forge->createTable('news', true)
#5 C:\laragon\www\goro.goro\system\Database\MigrationRunner.php(877): App\Database\Migrations\News->up()
#6 C:\laragon\www\goro.goro\system\Database\MigrationRunner.php(188): CodeIgniter\Database\MigrationRunner->migrate('up', Object(stdClass))
#7 C:\laragon\www\goro.goro\system\Commands\Database\Migrate.php(84): CodeIgniter\Database\MigrationRunner->latest(NULL)
#8 C:\laragon\www\goro.goro\system\CLI\Commands.php(65): CodeIgniter\Commands\Database\Migrate->run(Array)
#9 C:\laragon\www\goro.goro\system\CLI\BaseCommand.php(115): CodeIgniter\CLI\Commands->run('migrate', Array)
#10 C:\laragon\www\goro.goro\system\Commands\Database\MigrateRefresh.php(85): CodeIgniter\CLI\BaseCommand->call('migrate', Array)
#11 C:\laragon\www\goro.goro\system\CLI\Commands.php(65): CodeIgniter\Commands\Database\MigrateRefresh->run(Array)
#12 C:\laragon\www\goro.goro\system\CLI\Console.php(37): CodeIgniter\CLI\Commands->run('migrate:refresh', Array)
#13 C:\laragon\www\goro.goro\spark(102): CodeIgniter\CLI\Console->run()
#14 {main}
ERROR - 2023-10-17 16:02:02 --> Error connecting to the database: mysqli_sql_exception: Unknown database 'goro_news' in C:\laragon\www\goro.goro\system\Database\MySQLi\Connection.php:185
Stack trace:
#0 C:\laragon\www\goro.goro\system\Database\MySQLi\Connection.php(185): mysqli->real_connect('localhost', 'root', '', 'goro_news', 3306, '', 0)
#1 C:\laragon\www\goro.goro\system\Database\BaseConnection.php(391): CodeIgniter\Database\MySQLi\Connection->connect(false)
#2 C:\laragon\www\goro.goro\system\Database\BaseConnection.php(574): CodeIgniter\Database\BaseConnection->initialize()
#3 C:\laragon\www\goro.goro\system\Database\BaseBuilder.php(1615): CodeIgniter\Database\BaseConnection->query('SELECT *\nFROM `...', Array, false)
#4 C:\laragon\www\goro.goro\system\Model.php(237): CodeIgniter\Database\BaseBuilder->get()
#5 C:\laragon\www\goro.goro\system\BaseModel.php(624): CodeIgniter\Model->doFindAll(0, 0)
#6 C:\laragon\www\goro.goro\app\Controllers\News.php(17): CodeIgniter\BaseModel->findAll()
#7 C:\laragon\www\goro.goro\system\CodeIgniter.php(919): App\Controllers\News->index()
#8 C:\laragon\www\goro.goro\system\CodeIgniter.php(494): CodeIgniter\CodeIgniter->runController(Object(App\Controllers\News))
#9 C:\laragon\www\goro.goro\system\CodeIgniter.php(353): CodeIgniter\CodeIgniter->handleRequest(NULL, Object(Config\Cache), false)
#10 C:\laragon\www\goro.goro\public\index.php(79): CodeIgniter\CodeIgniter->run()
#11 {main}

Next CodeIgniter\Database\Exceptions\DatabaseException: Unknown database 'goro_news' in C:\laragon\www\goro.goro\system\Database\MySQLi\Connection.php:229
Stack trace:
#0 C:\laragon\www\goro.goro\system\Database\BaseConnection.php(391): CodeIgniter\Database\MySQLi\Connection->connect(false)
#1 C:\laragon\www\goro.goro\system\Database\BaseConnection.php(574): CodeIgniter\Database\BaseConnection->initialize()
#2 C:\laragon\www\goro.goro\system\Database\BaseBuilder.php(1615): CodeIgniter\Database\BaseConnection->query('SELECT *\nFROM `...', Array, false)
#3 C:\laragon\www\goro.goro\system\Model.php(237): CodeIgniter\Database\BaseBuilder->get()
#4 C:\laragon\www\goro.goro\system\BaseModel.php(624): CodeIgniter\Model->doFindAll(0, 0)
#5 C:\laragon\www\goro.goro\app\Controllers\News.php(17): CodeIgniter\BaseModel->findAll()
#6 C:\laragon\www\goro.goro\system\CodeIgniter.php(919): App\Controllers\News->index()
#7 C:\laragon\www\goro.goro\system\CodeIgniter.php(494): CodeIgniter\CodeIgniter->runController(Object(App\Controllers\News))
#8 C:\laragon\www\goro.goro\system\CodeIgniter.php(353): CodeIgniter\CodeIgniter->handleRequest(NULL, Object(Config\Cache), false)
#9 C:\laragon\www\goro.goro\public\index.php(79): CodeIgniter\CodeIgniter->run()
#10 {main}
CRITICAL - 2023-10-17 16:02:02 --> Unable to connect to the database.
Main connection [MySQLi]: Unknown database 'goro_news'
in SYSTEMPATH\Database\BaseConnection.php on line 427.
 1 SYSTEMPATH\Database\BaseConnection.php(574): CodeIgniter\Database\BaseConnection->initialize()
 2 SYSTEMPATH\Database\BaseBuilder.php(1615): CodeIgniter\Database\BaseConnection->query('SELECT *
FROM `news`
WHERE `status` = :status:', [...], false)
 3 SYSTEMPATH\Model.php(237): CodeIgniter\Database\BaseBuilder->get()
 4 SYSTEMPATH\BaseModel.php(624): CodeIgniter\Model->doFindAll(0, 0)
 5 APPPATH\Controllers\News.php(17): CodeIgniter\BaseModel->findAll()
 6 SYSTEMPATH\CodeIgniter.php(919): App\Controllers\News->index()
 7 SYSTEMPATH\CodeIgniter.php(494): CodeIgniter\CodeIgniter->runController(Object(App\Controllers\News))
 8 SYSTEMPATH\CodeIgniter.php(353): CodeIgniter\CodeIgniter->handleRequest(null, Object(Config\Cache), false)
 9 FCPATH\index.php(79): CodeIgniter\CodeIgniter->run()
ERROR - 2023-10-17 16:02:06 --> Error connecting to the database: mysqli_sql_exception: Unknown database 'goro_news' in C:\laragon\www\goro.goro\system\Database\MySQLi\Connection.php:185
Stack trace:
#0 C:\laragon\www\goro.goro\system\Database\MySQLi\Connection.php(185): mysqli->real_connect('localhost', 'root', '', 'goro_news', 3306, '', 0)
#1 C:\laragon\www\goro.goro\system\Database\BaseConnection.php(391): CodeIgniter\Database\MySQLi\Connection->connect(false)
#2 C:\laragon\www\goro.goro\system\Database\BaseConnection.php(574): CodeIgniter\Database\BaseConnection->initialize()
#3 C:\laragon\www\goro.goro\system\Database\BaseBuilder.php(1615): CodeIgniter\Database\BaseConnection->query('SELECT *\nFROM `...', Array, false)
#4 C:\laragon\www\goro.goro\system\Model.php(237): CodeIgniter\Database\BaseBuilder->get()
#5 C:\laragon\www\goro.goro\system\BaseModel.php(624): CodeIgniter\Model->doFindAll(0, 0)
#6 C:\laragon\www\goro.goro\app\Controllers\News.php(17): CodeIgniter\BaseModel->findAll()
#7 C:\laragon\www\goro.goro\system\CodeIgniter.php(919): App\Controllers\News->index()
#8 C:\laragon\www\goro.goro\system\CodeIgniter.php(494): CodeIgniter\CodeIgniter->runController(Object(App\Controllers\News))
#9 C:\laragon\www\goro.goro\system\CodeIgniter.php(353): CodeIgniter\CodeIgniter->handleRequest(NULL, Object(Config\Cache), false)
#10 C:\laragon\www\goro.goro\public\index.php(79): CodeIgniter\CodeIgniter->run()
#11 {main}

Next CodeIgniter\Database\Exceptions\DatabaseException: Unknown database 'goro_news' in C:\laragon\www\goro.goro\system\Database\MySQLi\Connection.php:229
Stack trace:
#0 C:\laragon\www\goro.goro\system\Database\BaseConnection.php(391): CodeIgniter\Database\MySQLi\Connection->connect(false)
#1 C:\laragon\www\goro.goro\system\Database\BaseConnection.php(574): CodeIgniter\Database\BaseConnection->initialize()
#2 C:\laragon\www\goro.goro\system\Database\BaseBuilder.php(1615): CodeIgniter\Database\BaseConnection->query('SELECT *\nFROM `...', Array, false)
#3 C:\laragon\www\goro.goro\system\Model.php(237): CodeIgniter\Database\BaseBuilder->get()
#4 C:\laragon\www\goro.goro\system\BaseModel.php(624): CodeIgniter\Model->doFindAll(0, 0)
#5 C:\laragon\www\goro.goro\app\Controllers\News.php(17): CodeIgniter\BaseModel->findAll()
#6 C:\laragon\www\goro.goro\system\CodeIgniter.php(919): App\Controllers\News->index()
#7 C:\laragon\www\goro.goro\system\CodeIgniter.php(494): CodeIgniter\CodeIgniter->runController(Object(App\Controllers\News))
#8 C:\laragon\www\goro.goro\system\CodeIgniter.php(353): CodeIgniter\CodeIgniter->handleRequest(NULL, Object(Config\Cache), false)
#9 C:\laragon\www\goro.goro\public\index.php(79): CodeIgniter\CodeIgniter->run()
#10 {main}
CRITICAL - 2023-10-17 16:02:06 --> Unable to connect to the database.
Main connection [MySQLi]: Unknown database 'goro_news'
in SYSTEMPATH\Database\BaseConnection.php on line 427.
 1 SYSTEMPATH\Database\BaseConnection.php(574): CodeIgniter\Database\BaseConnection->initialize()
 2 SYSTEMPATH\Database\BaseBuilder.php(1615): CodeIgniter\Database\BaseConnection->query('SELECT *
FROM `news`
WHERE `status` = :status:', [...], false)
 3 SYSTEMPATH\Model.php(237): CodeIgniter\Database\BaseBuilder->get()
 4 SYSTEMPATH\BaseModel.php(624): CodeIgniter\Model->doFindAll(0, 0)
 5 APPPATH\Controllers\News.php(17): CodeIgniter\BaseModel->findAll()
 6 SYSTEMPATH\CodeIgniter.php(919): App\Controllers\News->index()
 7 SYSTEMPATH\CodeIgniter.php(494): CodeIgniter\CodeIgniter->runController(Object(App\Controllers\News))
 8 SYSTEMPATH\CodeIgniter.php(353): CodeIgniter\CodeIgniter->handleRequest(null, Object(Config\Cache), false)
 9 FCPATH\index.php(79): CodeIgniter\CodeIgniter->run()
